Determining if the pthread_create exist failed with the following output:
Change Dir: /home/luigi/Scrivania/Progetto/catkin_ws/build/CMakeFiles/CMakeTmp

Run Build Command:"/usr/bin/make" "cmTC_05eda/fast"
/usr/bin/make -f CMakeFiles/cmTC_05eda.dir/build.make CMakeFiles/cmTC_05eda.dir/build
make[1]: ingresso nella directory "/home/luigi/Scrivania/Progetto/catkin_ws/build/CMakeFiles/CMakeTmp"
Building C object CMakeFiles/cmTC_05eda.dir/CheckSymbolExists.c.o
/usr/bin/cc    -o CMakeFiles/cmTC_05eda.dir/CheckSymbolExists.c.o   -c /home/luigi/Scrivania/Progetto/catkin_ws/build/CMakeFiles/CMakeTmp/CheckSymbolExists.c
Linking C executable cmTC_05eda
/usr/bin/cmake -E cmake_link_script CMakeFiles/cmTC_05eda.dir/link.txt --verbose=1
/usr/bin/cc      -rdynamic CMakeFiles/cmTC_05eda.dir/CheckSymbolExists.c.o  -o cmTC_05eda 
CMakeFiles/cmTC_05eda.dir/CheckSymbolExists.c.o: nella funzione "main":
CheckSymbolExists.c:(.text+0x1b): riferimento non definito a "pthread_create"
collect2: error: ld returned 1 exit status
CMakeFiles/cmTC_05eda.dir/build.make:97: recipe for target 'cmTC_05eda' failed
make[1]: *** [cmTC_05eda] Error 1
make[1]: uscita dalla directory "/home/luigi/Scrivania/Progetto/catkin_ws/build/CMakeFiles/CMakeTmp"
Makefile:126: recipe for target 'cmTC_05eda/fast' failed
make: *** [cmTC_05eda/fast] Error 2

File /home/luigi/Scrivania/Progetto/catkin_ws/build/CMakeFiles/CMakeTmp/CheckSymbolExists.c:
/* */
#include <pthread.h>

int main(int argc, char** argv)
{
  (void)argv;
#ifndef pthread_create
  return ((int*)(&pthread_create))[argc];
#else
  (void)argc;
  return 0;
#endif
}

Determining if the function pthread_create exists in the pthreads failed with the following output:
Change Dir: /home/luigi/Scrivania/Progetto/catkin_ws/build/CMakeFiles/CMakeTmp

Run Build Command:"/usr/bin/make" "cmTC_307c7/fast"
/usr/bin/make -f CMakeFiles/cmTC_307c7.dir/build.make CMakeFiles/cmTC_307c7.dir/build
make[1]: ingresso nella directory "/home/luigi/Scrivania/Progetto/catkin_ws/build/CMakeFiles/CMakeTmp"
Building C object CMakeFiles/cmTC_307c7.dir/CheckFunctionExists.c.o
/usr/bin/cc   -DCHECK_FUNCTION_EXISTS=pthread_create   -o CMakeFiles/cmTC_307c7.dir/CheckFunctionExists.c.o   -c /usr/share/cmake-3.10/Modules/CheckFunctionExists.c
Linking C executable cmTC_307c7
/usr/bin/cmake -E cmake_link_script CMakeFiles/cmTC_307c7.dir/link.txt --verbose=1
/usr/bin/cc  -DCHECK_FUNCTION_EXISTS=pthread_create    -rdynamic CMakeFiles/cmTC_307c7.dir/CheckFunctionExists.c.o  -o cmTC_307c7 -lpthreads 
/usr/bin/ld: impossibile trovare -lpthreads
collect2: error: ld returned 1 exit status
CMakeFiles/cmTC_307c7.dir/build.make:97: recipe for target 'cmTC_307c7' failed
make[1]: *** [cmTC_307c7] Error 1
make[1]: uscita dalla directory "/home/luigi/Scrivania/Progetto/catkin_ws/build/CMakeFiles/CMakeTmp"
Makefile:126: recipe for target 'cmTC_307c7/fast' failed
make: *** [cmTC_307c7/fast] Error 2


